<?xml version="1.0" encoding="UTF-8"?>
<!-- Generated by org.testng.reporters.JUnitReportReporter -->
<testsuite hostname="DESKTOP-K59I2FI" failures="0" tests="4" name="Com.vtiger.practice.PracticeTestNgTest" time="0.102" errors="0" timestamp="2022-05-16T18:09:40 IST" skipped="0">
  <testcase classname="Com.vtiger.practice.PracticeTestNgTest" name="practice1Test" time="0.029"/>
  <system-out>
    <![CDATA[TestngPractice1---11111]]>
  </system-out>
  <testcase classname="Com.vtiger.practice.PracticeTestNgTest" name="test2Test" time="0.033"/>
  <system-out>
    <![CDATA[test2]]>
  </system-out>
  <testcase classname="Com.vtiger.practice.PracticeTestNgTest" name="test1Test" time="0.024"/>
  <system-out>
    <![CDATA[test1]]>
  </system-out>
  <testcase classname="Com.vtiger.practice.PracticeTestNgTest" name="practice2Test" time="0.016"/>
  <system-out>
    <![CDATA[TestngPractice1---2]]>
  </system-out>
</testsuite> <!-- Com.vtiger.practice.PracticeTestNgTest -->
