<?xml version="1.0" encoding="UTF-8"?>
<!-- Generated by org.testng.reporters.JUnitReportReporter -->
<testsuite hostname="DESKTOP-K59I2FI" failures="0" tests="1" name="Com.vtigerTestCase31To35.ContactTestCase33Test" time="39.315" errors="0" timestamp="2022-05-18T13:43:35 IST" skipped="0">
  <testcase classname="Com.vtigerTestCase31To35.ContactTestCase33Test" name="contactTestCase32" time="39.315"/>
  <system-out/>
</testsuite> <!-- Com.vtigerTestCase31To35.ContactTestCase33Test -->
