<?xml version="1.0" encoding="UTF-8"?>
<!-- Generated by org.testng.reporters.JUnitReportReporter -->
<testsuite hostname="DESKTOP-K59I2FI" failures="0" tests="1" name="Com.vtiger.contactsTest.CreateContactsProperitesTest" time="35.520" errors="0" timestamp="2022-05-18T11:07:23 IST" skipped="0">
  <testcase classname="Com.vtiger.contactsTest.CreateContactsProperitesTest" name="crateContact" time="35.520"/>
  <system-out/>
</testsuite> <!-- Com.vtiger.contactsTest.CreateContactsProperitesTest -->
