<?xml version="1.0" encoding="UTF-8"?>
<!-- Generated by org.testng.reporters.JUnitReportReporter -->
<testsuite hostname="DESKTOP-K59I2FI" failures="0" tests="1" name="Com.vtiger.contactsTest.DataFetchexcelPropertiesOrganozationContacts" time="59.433" errors="0" timestamp="2022-05-18T11:48:55 IST" skipped="0">
  <testcase classname="Com.vtiger.contactsTest.DataFetchexcelPropertiesOrganozationContacts" name="createContactOrganization" time="59.433"/>
  <system-out/>
</testsuite> <!-- Com.vtiger.contactsTest.DataFetchexcelPropertiesOrganozationContacts -->
