<?xml version="1.0" encoding="UTF-8"?>
<!-- Generated by org.testng.reporters.JUnitReportReporter -->
<testsuite hostname="DESKTOP-K59I2FI" failures="0" tests="2" name="Com.vtiger.practice.TestNgPracticeTest" time="0.064" errors="0" timestamp="2022-05-16T17:52:19 IST" skipped="0">
  <testcase classname="Com.vtiger.practice.TestNgPracticeTest" name="test1Test" time="0.036"/>
  <system-out>
    <![CDATA[test1]]>
  </system-out>
  <testcase classname="Com.vtiger.practice.TestNgPracticeTest" name="test2Test" time="0.028"/>
  <system-out>
    <![CDATA[test2]]>
  </system-out>
</testsuite> <!-- Com.vtiger.practice.TestNgPracticeTest -->
