<?xml version="1.0" encoding="UTF-8"?>
<!-- Generated by org.testng.reporters.JUnitReportReporter -->
<testsuite hostname="DESKTOP-K59I2FI" failures="0" tests="1" name="Com.vtiger.campagnsTest.CreateCampgainsPropertiesTest" time="29.827" errors="0" timestamp="2022-05-17T16:31:50 IST" skipped="0">
  <testcase classname="Com.vtiger.campagnsTest.CreateCampgainsPropertiesTest" name="createCampaignTest" time="29.827"/>
  <system-out/>
</testsuite> <!-- Com.vtiger.campagnsTest.CreateCampgainsPropertiesTest -->
