<?xml version="1.0" encoding="UTF-8"?>
<!-- Generated by org.testng.reporters.JUnitReportReporter -->
<testsuite hostname="DESKTOP-K59I2FI" failures="0" tests="1" name="Com.vtiger.campagnsTest.CreateCampgainsTest" time="78.656" errors="0" timestamp="2022-05-31T15:00:14 IST" skipped="0">
  <testcase classname="Com.vtiger.campagnsTest.CreateCampgainsTest" name="createCampaignTest" time="78.656"/>
  <system-out/>
</testsuite> <!-- Com.vtiger.campagnsTest.CreateCampgainsTest -->
