<?xml version="1.0" encoding="UTF-8"?>
<!-- Generated by org.testng.reporters.JUnitReportReporter -->
<testsuite hostname="DESKTOP-K59I2FI" failures="0" tests="1" name="Com.vtiger.organizationTest.CreateOrganizationWithIndustryAndTypeTest" time="43.336" errors="0" timestamp="2022-05-19T15:52:48 IST" skipped="0">
  <testcase classname="Com.vtiger.organizationTest.CreateOrganizationWithIndustryAndTypeTest" name="createOrganization" time="43.336"/>
  <system-out/>
</testsuite> <!-- Com.vtiger.organizationTest.CreateOrganizationWithIndustryAndTypeTest -->
