<?xml version="1.0" encoding="UTF-8"?>
<!-- Generated by org.testng.reporters.JUnitReportReporter -->
<testsuite hostname="DESKTOP-K59I2FI" failures="0" tests="22" name="Com.vtiger.practice.DataProviderTestNgTest" time="0.167" errors="0" timestamp="2022-05-17T17:39:02 IST" skipped="0">
  <testcase classname="Com.vtiger.practice.DataProviderTestNgTest" name="dataProviderTest" time="0.002"/>
  <system-out>
    <![CDATA[testyanthra------>>>banashankari]]>
  </system-out>
  <testcase classname="Com.vtiger.practice.DataProviderTestNgTest" name="dataProviderTest" time="0.002"/>
  <system-out>
    <![CDATA[testyanthra------>>>banashankari]]>
  </system-out>
  <testcase classname="Com.vtiger.practice.DataProviderTestNgTest" name="dataProviderTest" time="0.001"/>
  <system-out>
    <![CDATA[testyanthra------>>>banashankari]]>
  </system-out>
  <testcase classname="Com.vtiger.practice.DataProviderTestNgTest" name="dataProviderTest" time="0.002"/>
  <system-out>
    <![CDATA[testyanthra------>>>banashankari]]>
  </system-out>
  <testcase classname="Com.vtiger.practice.DataProviderTestNgTest" name="dataProviderTest" time="0.053"/>
  <system-out>
    <![CDATA[testyanthra------>>>banashankari]]>
  </system-out>
  <testcase classname="Com.vtiger.practice.DataProviderTestNgTest" name="dataProviderTest" time="0.011"/>
  <system-out>
    <![CDATA[testyanthra------>>>banashankari]]>
  </system-out>
  <testcase classname="Com.vtiger.practice.DataProviderTestNgTest" name="dataProviderTest" time="0.002"/>
  <system-out>
    <![CDATA[testyanthra------>>>banashankari]]>
  </system-out>
  <testcase classname="Com.vtiger.practice.DataProviderTestNgTest" name="dataProviderTest" time="0.002"/>
  <system-out>
    <![CDATA[testyanthra------>>>banashankari]]>
  </system-out>
  <testcase classname="Com.vtiger.practice.DataProviderTestNgTest" name="dataProviderTest" time="0.008"/>
  <system-out>
    <![CDATA[testyanthra------>>>banashankari]]>
  </system-out>
  <testcase classname="Com.vtiger.practice.DataProviderTestNgTest" name="dataProviderTest" time="0.002"/>
  <system-out>
    <![CDATA[testyanthra------>>>banashankari]]>
  </system-out>
  <testcase classname="Com.vtiger.practice.DataProviderTestNgTest" name="dataProviderTest" time="0.003"/>
  <system-out>
    <![CDATA[testyanthra------>>>banashankari]]>
  </system-out>
  <testcase classname="Com.vtiger.practice.DataProviderTestNgTest" name="dataProviderTest" time="0.003"/>
  <system-out>
    <![CDATA[testyanthra------>>>banashankari]]>
  </system-out>
  <testcase classname="Com.vtiger.practice.DataProviderTestNgTest" name="dataProviderTest" time="0.002"/>
  <system-out>
    <![CDATA[testyanthra------>>>banashankari]]>
  </system-out>
  <testcase classname="Com.vtiger.practice.DataProviderTestNgTest" name="dataProviderTest" time="0.024"/>
  <system-out>
    <![CDATA[testyanthra------>>>banashankari]]>
  </system-out>
  <testcase classname="Com.vtiger.practice.DataProviderTestNgTest" name="dataProviderTest" time="0.003"/>
  <system-out>
    <![CDATA[testyanthra------>>>banashankari]]>
  </system-out>
  <testcase classname="Com.vtiger.practice.DataProviderTestNgTest" name="dataProviderTest" time="0.004"/>
  <system-out>
    <![CDATA[testyanthra------>>>banashankari]]>
  </system-out>
  <testcase classname="Com.vtiger.practice.DataProviderTestNgTest" name="dataProviderTest" time="0.017"/>
  <system-out>
    <![CDATA[testyanthra------>>>banashankari]]>
  </system-out>
  <testcase classname="Com.vtiger.practice.DataProviderTestNgTest" name="dataProviderTest" time="0.003"/>
  <system-out>
    <![CDATA[testyanthra------>>>banashankari]]>
  </system-out>
  <testcase classname="Com.vtiger.practice.DataProviderTestNgTest" name="dataProviderTest" time="0.008"/>
  <system-out>
    <![CDATA[testyanthra------>>>banashankari]]>
  </system-out>
  <testcase classname="Com.vtiger.practice.DataProviderTestNgTest" name="dataProviderTest" time="0.008"/>
  <system-out>
    <![CDATA[testyanthra------>>>banashankari]]>
  </system-out>
  <testcase classname="Com.vtiger.practice.DataProviderTestNgTest" name="dataProviderTest" time="0.006"/>
  <system-out>
    <![CDATA[testyanthra------>>>banashankari]]>
  </system-out>
  <testcase classname="Com.vtiger.practice.DataProviderTestNgTest" name="dataProviderTest" time="0.001"/>
  <system-out>
    <![CDATA[testyanthra------>>>banashankari]]>
  </system-out>
</testsuite> <!-- Com.vtiger.practice.DataProviderTestNgTest -->
