<?xml version="1.0" encoding="UTF-8"?>
<!-- Generated by org.testng.reporters.JUnitReportReporter -->
<testsuite hostname="DESKTOP-K59I2FI" failures="0" tests="2" name="Com.vtiger.practice.TestNgBasicAnnotationTest" time="0.038" errors="0" timestamp="2022-05-16T17:16:04 IST" skipped="0">
  <testcase classname="Com.vtiger.practice.TestNgBasicAnnotationTest" name="test2Test" time="0.008"/>
  <system-out>
    <![CDATA[test2]]>
  </system-out>
  <testcase classname="Com.vtiger.practice.TestNgBasicAnnotationTest" name="test1Test" time="0.030"/>
  <system-out>
    <![CDATA[test1]]>
  </system-out>
</testsuite> <!-- Com.vtiger.practice.TestNgBasicAnnotationTest -->
