<?xml version="1.0" encoding="UTF-8"?>
<!-- Generated by org.testng.reporters.JUnitReportReporter -->
<testsuite hostname="DESKTOP-K59I2FI" failures="0" tests="2" name="Com.vtiger.practice.TestNgPriorityTest" time="0.033" errors="0" timestamp="2022-05-17T17:47:08 IST" skipped="0">
  <testcase classname="Com.vtiger.practice.TestNgPriorityTest" name="testNgPriority" time="0.022"/>
  <system-out>
    <![CDATA[test23]]>
  </system-out>
  <testcase classname="Com.vtiger.practice.TestNgPriorityTest" name="testNgPriority1" time="0.011"/>
  <system-out>
    <![CDATA[test223]]>
  </system-out>
</testsuite> <!-- Com.vtiger.practice.TestNgPriorityTest -->
