<?xml version="1.0" encoding="UTF-8"?>
<!-- Generated by org.testng.reporters.JUnitReportReporter -->
<testsuite hostname="DESKTOP-K59I2FI" failures="0" tests="1" name="Com.vtiger.contactsTest.DataFetchExcelPropertiesContactsTest" time="32.734" errors="0" timestamp="2022-05-18T11:11:35 IST" skipped="0">
  <testcase classname="Com.vtiger.contactsTest.DataFetchExcelPropertiesContactsTest" name="crateContact" time="32.734"/>
  <system-out/>
</testsuite> <!-- Com.vtiger.contactsTest.DataFetchExcelPropertiesContactsTest -->
