<?xml version="1.0" encoding="UTF-8"?>
<!-- Generated by org.testng.reporters.JUnitReportReporter -->
<testsuite hostname="DESKTOP-K59I2FI" failures="0" tests="1" name="Com.vtigerTestCase31To35.ContactTestCase34Test" time="39.794" errors="0" timestamp="2022-05-18T14:55:39 IST" skipped="0">
  <testcase classname="Com.vtigerTestCase31To35.ContactTestCase34Test" name="createContactTc34" time="39.794"/>
  <system-out/>
</testsuite> <!-- Com.vtigerTestCase31To35.ContactTestCase34Test -->
