<?xml version="1.0" encoding="UTF-8"?>
<!-- Generated by org.testng.reporters.JUnitReportReporter -->
<testsuite hostname="DESKTOP-K59I2FI" failures="0" tests="1" name="Com.vtiger.practice.CreateContactsTest" time="161.578" errors="0" timestamp="2022-05-16T14:38:27 IST" skipped="0">
  <testcase classname="Com.vtiger.practice.CreateContactsTest" name="CreateContactsTest" time="161.578"/>
  <system-out>
    <![CDATA[Element is display]]>
  </system-out>
</testsuite> <!-- Com.vtiger.practice.CreateContactsTest -->
