<?xml version="1.0" encoding="UTF-8"?>
<!-- Generated by org.testng.reporters.JUnitReportReporter -->
<testsuite hostname="DESKTOP-K59I2FI" failures="0" tests="1" name="Com.vtigerTestCase31To35.ContactTestCase35Test" time="29.526" errors="0" timestamp="2022-05-18T15:04:37 IST" skipped="0">
  <testcase classname="Com.vtigerTestCase31To35.ContactTestCase35Test" name="contactTc35" time="29.526"/>
  <system-out/>
</testsuite> <!-- Com.vtigerTestCase31To35.ContactTestCase35Test -->
