<?xml version="1.0" encoding="UTF-8"?>
<!-- Generated by org.testng.reporters.JUnitReportReporter -->
<testsuite hostname="DESKTOP-K59I2FI" failures="0" tests="1" name="Com.vtiger.campagnsTest.DataFetchExcelPropertiesCampaignsTest" time="30.449" errors="0" timestamp="2022-05-17T16:26:50 IST" skipped="0">
  <testcase classname="Com.vtiger.campagnsTest.DataFetchExcelPropertiesCampaignsTest" name="createCampaignTest" time="30.449"/>
  <system-out/>
</testsuite> <!-- Com.vtiger.campagnsTest.DataFetchExcelPropertiesCampaignsTest -->
