<?xml version="1.0" encoding="UTF-8"?>
<!-- Generated by org.testng.reporters.JUnitReportReporter -->
<testsuite hostname="DESKTOP-K59I2FI" failures="0" tests="1" name="Com.vtiger.contactsTest.CreateContactsTest" time="85.917" errors="0" timestamp="2022-05-24T11:19:16 IST" skipped="0">
  <testcase classname="Com.vtiger.contactsTest.CreateContactsTest" name="crateContact" time="85.917"/>
  <system-out/>
</testsuite> <!-- Com.vtiger.contactsTest.CreateContactsTest -->
