<?xml version="1.0" encoding="UTF-8"?>
<!-- Generated by org.testng.reporters.JUnitReportReporter -->
<testsuite hostname="DESKTOP-K59I2FI" failures="0" tests="2" name="Com.vtiger.practice.PracticeGroupTest" time="0.030" errors="0" timestamp="2022-05-19T15:06:20 IST" skipped="0">
  <testcase classname="Com.vtiger.practice.PracticeGroupTest" name="practiceTest2" time="0.007"/>
  <system-out>
    <![CDATA[pass2]]>
  </system-out>
  <testcase classname="Com.vtiger.practice.PracticeGroupTest" name="practiceTest" time="0.023"/>
  <system-out>
    <![CDATA[pass]]>
  </system-out>
</testsuite> <!-- Com.vtiger.practice.PracticeGroupTest -->
