<?xml version="1.0" encoding="UTF-8"?>
<!-- Generated by org.testng.reporters.JUnitReportReporter -->
<testsuite hostname="DESKTOP-K59I2FI" failures="0" tests="1" name="Com.vtiger.campagnsTest.DataFetchExcelPropertiesProductCampaignTest" time="143.291" errors="0" timestamp="2022-05-18T10:44:34 IST" skipped="0">
  <testcase classname="Com.vtiger.campagnsTest.DataFetchExcelPropertiesProductCampaignTest" name="createCampaignTest" time="143.291"/>
  <system-out/>
</testsuite> <!-- Com.vtiger.campagnsTest.DataFetchExcelPropertiesProductCampaignTest -->
