<?xml version="1.0" encoding="UTF-8"?>
<!-- Generated by org.testng.reporters.JUnitReportReporter -->
<testsuite hostname="DESKTOP-K59I2FI" failures="0" tests="2" name="Com.vtiger.productTest.CreateProductTest" time="76.991" errors="0" timestamp="2022-05-20T15:38:48 IST" skipped="0">
  <testcase classname="Com.vtiger.productTest.CreateProductTest" name="createProduct" time="44.375"/>
  <system-out/>
  <testcase classname="Com.vtiger.productTest.CreateProductTest" name="createProduct" time="32.616"/>
  <system-out/>
</testsuite> <!-- Com.vtiger.productTest.CreateProductTest -->
