<?xml version="1.0" encoding="UTF-8"?>
<!-- Generated by org.testng.reporters.JUnitReportReporter -->
<testsuite hostname="DESKTOP-K59I2FI" failures="0" tests="2" name="Com.vtiger.practice.PracticeTest" time="0.037" errors="0" timestamp="2022-05-16T13:22:19 IST" skipped="0">
  <testcase classname="Com.vtiger.practice.PracticeTest" name="practiceTest" time="0.032"/>
  <system-out>
    <![CDATA[pass]]>
  </system-out>
  <testcase classname="Com.vtiger.practice.PracticeTest" name="practiceTest2" time="0.005"/>
  <system-out>
    <![CDATA[pass2]]>
  </system-out>
</testsuite> <!-- Com.vtiger.practice.PracticeTest -->
